<?xml version="1.0" encoding="UTF-8"?>
<!-- Generated by org.testng.reporters.JUnitReportReporter -->
<testsuite skipped="0" hostname="DESKTOP-Q819BJ1" name="script.validLogin" tests="1" failures="0" timestamp="19 Dec 2017 08:18:26 GMT" time="15.362" errors="0">
  <testcase name="testvalidLogin" time="15.362" classname="script.validLogin"/>
</testsuite> <!-- script.validLogin -->
