<?xml version="1.0" encoding="UTF-8"?>
<!-- Generated by org.testng.reporters.JUnitReportReporter -->
<testsuite name="script.validLogin" tests="1" time="26.826" ignored="0" failures="0" timestamp="18 Dec 2017 05:57:42 GMT" skipped="0" hostname="DESKTOP-Q819BJ1" errors="0">
  <testcase name="testvalidLogin" time="26.826" classname="script.validLogin"/>
</testsuite> <!-- script.validLogin -->
